Arguments: 
  /usr/bin/node /usr/bin/yarn add axios crocks ramda jsdom

PATH: 
  /home/johan/bin:/usr/local/bin:/home/johan/.gem/ruby/2.5.0/bin:/home/johan/bin:/usr/local/bin:/home/johan/.gem/ruby/2.5.0/bin:/usr/local/sbin:/usr/local/bin:/usr/bin:/usr/bin/site_perl:/usr/bin/vendor_perl:/usr/bin/core_perl:/usr/bin/site_perl:/usr/bin/vendor_perl:/usr/bin/core_perl

Yarn version: 
  1.10.1

Node version: 
  10.11.0

Platform: 
  linux x64

Trace: 
  Error: getaddrinfo EAI_AGAIN registry.yarnpkg.com registry.yarnpkg.com:443
      at GetAddrInfoReqWrap.onlookup [as oncomplete] (dns.js:57:26)

npm manifest: 
  {
    "name": "scrapper",
    "version": "1.0.0",
    "main": "index.js",
    "license": "MIT"
  }

yarn manifest: 
  No manifest

Lockfile: 
  No lockfile
